2021/09/10 19:15:13 :: Creating log file...
2021/09/10 19:15:13 :: ../logs/tape-eject.log
2021/09/10 19:15:13 :: Ignoring tape status for 428172L5 and marking for export.
2021/09/10 19:15:13 :: Checking log sizes...
2021/09/10 19:15:13 :: Ignoring tape status for 428170L5 and marking for export.
2021/09/10 19:15:13 :: Checking log sizes...
2021/09/10 19:15:13 :: Ignoring tape status for 55555 and marking for export.
2021/09/10 19:15:13 :: Checking log sizes...
2021/09/10 19:15:13 :: All tapes (4) have been verfied.
2021/09/10 19:15:13 :: Checking log sizes...
2021/09/10 19:15:13 :: Designated maximum number of moves (4) have been prepared.
2021/09/10 19:15:13 :: Checking log sizes...
2021/09/10 19:15:14 :: Ejected tape 428171L5
2021/09/10 19:15:14 :: Checking log sizes...
2021/09/10 19:15:16 :: Ejected tape 428172L5
2021/09/10 19:15:16 :: Checking log sizes...
2021/09/10 19:15:17 :: Ejected tape 428170L5
2021/09/10 19:15:17 :: Checking log sizes...
2021/09/10 19:15:18 :: Error (FailedRequestException): target entity not found.

2021/09/10 19:15:18 :: Checking log sizes...
2021/09/10 19:15:18 :: Error: tape 55555 was not found on BlackPearl.
2021/09/10 19:15:18 :: Checking log sizes...
2021/09/10 19:16:24 :: 4 tapes imported.
2021/09/10 19:16:24 :: Checking log sizes...
2021/09/10 19:16:24 :: Ignoring tape status for 428171L5 and marking for export.
2021/09/10 19:16:24 :: Checking log sizes...
2021/09/10 19:16:24 :: Ignoring tape status for 428172L5 and marking for export.
2021/09/10 19:16:24 :: Checking log sizes...
2021/09/10 19:16:24 :: Ignoring tape status for 428170L5 and marking for export.
2021/09/10 19:16:24 :: Checking log sizes...
2021/09/10 19:16:24 :: Ignoring tape status for 55555 and marking for export.
2021/09/10 19:16:24 :: Checking log sizes...
2021/09/10 19:16:24 :: All tapes (4) have been verfied.
2021/09/10 19:16:24 :: Checking log sizes...
2021/09/10 19:16:24 :: Designated maximum number of moves (4) have been prepared.
2021/09/10 19:16:24 :: Checking log sizes...
2021/09/10 19:16:25 :: Ejected tape 428171L5
2021/09/10 19:16:25 :: Checking log sizes...
2021/09/10 19:16:26 :: Ejected tape 428172L5
2021/09/10 19:16:26 :: Checking log sizes...
2021/09/10 19:16:28 :: Ejected tape 428170L5
2021/09/10 19:16:28 :: Checking log sizes...
2021/09/10 19:16:29 :: Error (FailedRequestException): target entity not found.

2021/09/10 19:16:29 :: Checking log sizes...
2021/09/10 19:16:29 :: Error: tape 55555 was not found on BlackPearl.
2021/09/10 19:16:29 :: Checking log sizes...
2021/09/10 20:16:51 :: 4 tapes imported.
2021/09/10 20:16:51 :: Ignoring tape status for 428171L5 and marking for export.
2021/09/10 20:16:51 :: Ignoring tape status for 428172L5 and marking for export.
2021/09/10 20:16:51 :: Ignoring tape status for 428170L5 and marking for export.
2021/09/10 20:16:51 :: Ignoring tape status for 55555 and marking for export.
2021/09/10 20:16:51 :: All tapes (4) have been verfied.
2021/09/10 20:16:51 :: Designated maximum number of moves (4) have been prepared.
2021/09/10 20:16:53 :: Ejected tape 428171L5
2021/09/10 20:16:54 :: Ejected tape 428172L5
2021/09/10 20:16:55 :: Ejected tape 428170L5
2021/09/10 20:16:58 :: Error (FailedRequestException): target entity not found.

2021/09/10 20:16:58 :: Error: tape 55555 was not found on BlackPearl.
2021/09/10 20:18:15 :: 4 tapes imported.
2021/09/10 20:18:15 :: Ignoring tape status for 428171L5 and marking for export.
2021/09/10 20:18:15 :: Ignoring tape status for 428172L5 and marking for export.
2021/09/10 20:18:15 :: Ignoring tape status for 428170L5 and marking for export.
2021/09/10 20:18:15 :: Ignoring tape status for 55555 and marking for export.
2021/09/10 20:18:15 :: All tapes (4) have been verfied.
2021/09/10 20:18:15 :: Designated maximum number of moves (4) have been prepared.
2021/09/10 20:18:16 :: Ejected tape 428171L5
2021/09/10 20:18:18 :: Ejected tape 428172L5
2021/09/10 20:18:19 :: Ejected tape 428170L5
2021/09/10 20:18:20 :: Error (FailedRequestException): target entity not found.

2021/09/10 20:18:20 :: Error: tape 55555 was not found on BlackPearl.
2021/09/10 20:38:41 :: 4 tapes imported.
2021/09/10 20:38:41 :: Ignoring tape status for 428171L5 and marking for export.
2021/09/10 20:38:41 :: Ignoring tape status for 428172L5 and marking for export.
2021/09/10 20:38:41 :: Designated maximum number of moves (2) have been prepared.
2021/09/10 20:38:43 :: Ejected tape 428171L5
2021/09/10 20:38:45 :: Ejected tape 428172L5
2021/09/10 20:41:18 :: 4 tapes imported.
2021/09/10 20:41:18 :: Ignoring tape status for 428171L5 and marking for export.
2021/09/10 20:41:18 :: Ignoring tape status for 428172L5 and marking for export.
2021/09/10 20:41:18 :: Designated maximum number of moves (2) have been prepared.
2021/09/10 20:41:19 :: Ejected tape 428171L5
2021/09/10 20:41:21 :: Ejected tape 428172L5
2021/09/10 21:04:08 :: 4 tapes imported.
2021/09/10 21:04:10 :: Tape 428172L5 holds data.
2021/09/10 21:04:12 :: Could not find barcode 55555
2021/09/10 21:04:12 :: java.lang.IllegalStateException: Expected BEGIN_OBJECT but was STRING at line 1 column 1 path $
2021/09/10 21:04:13 :: Tape 428170L5 is available to eject.
2021/09/10 21:04:13 :: Designated maximum number of moves (1) have been prepared.
2021/09/10 21:04:15 :: Ejected tape 428170L5
2021/09/10 21:22:38 :: 4 tapes imported.
2021/09/10 21:22:39 :: Could not find barcode 555
2021/09/10 21:22:39 :: java.lang.IllegalStateException: Expected BEGIN_OBJECT but was STRING at line 1 column 1 path $
2021/09/10 21:22:41 :: Could not find barcode 428170L5
2021/09/10 21:22:41 :: java.io.EOFException: End of input at line 10 column 1 path $.Status
2021/09/10 21:22:42 :: Could not find barcode 428172L5
2021/09/10 21:22:42 :: java.io.EOFException: End of input at line 1440 column 1 path $.Status
2021/09/10 21:22:44 :: Could not find barcode 428171L5
2021/09/10 21:22:44 :: java.io.EOFException: End of input at line 30 column 1 path $.Status
2021/09/10 21:22:44 :: All tapes (4) have been verfied.
2021/09/10 21:25:24 :: 0 tapes imported.
2021/09/10 21:25:24 :: All tapes (0) have been verfied.
2021/09/10 21:26:39 :: 1 tapes imported.
2021/09/10 21:26:41 :: Could not find barcode 428172L5
2021/09/10 21:26:41 :: java.io.EOFException: End of input at line 1440 column 1 path $.Status
2021/09/10 21:26:41 :: All tapes (1) have been verfied.
2021/09/10 21:27:50 :: 2 tapes imported.
2021/09/10 21:27:51 :: Could not find barcode 84239123
2021/09/10 21:27:51 :: java.lang.IllegalStateException: Expected BEGIN_OBJECT but was STRING at line 1 column 1 path $
2021/09/10 21:27:52 :: Could not find barcode 5839123
2021/09/10 21:27:52 :: java.lang.IllegalStateException: Expected BEGIN_OBJECT but was STRING at line 1 column 1 path $
2021/09/10 21:27:52 :: All tapes (2) have been verfied.
2021/09/10 21:28:19 :: 1 tapes imported.
2021/09/10 21:28:20 :: Tape 428170L5 is available to eject.
2021/09/10 21:28:20 :: All tapes (1) have been verfied.
2021/09/10 21:28:20 :: Designated maximum number of moves (1) have been prepared.
2021/09/10 21:28:22 :: Ejected tape 428170L5
2021/09/10 21:32:10 :: 1 tapes imported.
2021/09/10 21:32:11 :: Tape 428170L5 is available to eject.
2021/09/10 21:32:11 :: All tapes (1) have been verfied.
2021/09/10 21:32:11 :: Designated maximum number of moves (1) have been prepared.
2021/09/10 21:32:12 :: Ejected tape 428170L5
